<?xml version="1.0" encoding="UTF-8"?>
<!-- Generated by org.testng.reporters.JUnitXMLReporter -->
<testsuite hostname="HomeTKM" ignored="1" name="Test" tests="5" failures="0" timestamp="2020-07-25T23:37:11 IST" time="0.151" errors="0">
  <testcase name="iosApp" time="0.014" classname="Academy.Mavenjava.appiumTest"/>
  <testcase name="nativeApp" time="0.002" classname="Academy.Mavenjava.appiumTest"/>
  <testcase name="browserAutomation" time="0.001" classname="Academy.Mavenjava.seleniumTest"/>
  <testcase name="elementsUI" time="0.002" classname="Academy.Mavenjava.seleniumTest"/>
  <testcase name="deleteTwitter" time="0.001" classname="Academy.Mavenjava.restAPITest"/>
  <testcase name="postJira" time="0.0" classname="Academy.Mavenjava.restAPITest">
    <ignored/>
  </testcase> <!-- postJira -->
</testsuite> <!-- Test -->
